0 info it worked if it ends with ok
1 verbose cli [ '/Users/luckyjing/.nvm/versions/node/v6.3.0/bin/node',
1 verbose cli   '/Users/luckyjing/.nvm/versions/node/v6.3.0/bin/npm',
1 verbose cli   'run',
1 verbose cli   'push' ]
2 info using npm@3.10.3
3 info using node@v6.3.0
4 verbose run-script [ 'prepush', 'push', 'postpush' ]
5 info lifecycle abc-starter-kit@0.0.1~prepush: abc-starter-kit@0.0.1
6 silly lifecycle abc-starter-kit@0.0.1~prepush: no script for prepush, continuing
7 info lifecycle abc-starter-kit@0.0.1~push: abc-starter-kit@0.0.1
8 verbose lifecycle abc-starter-kit@0.0.1~push: unsafe-perm in lifecycle true
9 verbose lifecycle abc-starter-kit@0.0.1~push: PATH: /Users/luckyjing/.nvm/versions/node/v6.3.0/lib/node_modules/npm/bin/node-gyp-bin:/Users/luckyjing/coding/ali/abc-starter-kit/node_modules/.bin:/Users/luckyjing/.nvm/versions/node/v6.3.0/bin:/Users/luckyjing/.nvm/versions/node/v6.3.0/bin:/usr/local/bin:/usr/bin:/bin:/usr/sbin:/sbin
10 verbose lifecycle abc-starter-kit@0.0.1~push: CWD: /Users/luckyjing/coding/ali/abc-starter-kit
11 silly lifecycle abc-starter-kit@0.0.1~push: Args: [ '-c',
11 silly lifecycle   ' git add . && git commit -m\'update\' && git push origin daily/0.0.3' ]
12 silly lifecycle abc-starter-kit@0.0.1~push: Returned: code: 1  signal: null
13 info lifecycle abc-starter-kit@0.0.1~push: Failed to exec push script
14 verbose stack Error: abc-starter-kit@0.0.1 push: ` git add . && git commit -m'update' && git push origin daily/0.0.3`
14 verbose stack Exit status 1
14 verbose stack     at EventEmitter.<anonymous> (/Users/luckyjing/.nvm/versions/node/v6.3.0/lib/node_modules/npm/lib/utils/lifecycle.js:242:16)
14 verbose stack     at emitTwo (events.js:106:13)
14 verbose stack     at EventEmitter.emit (events.js:191:7)
14 verbose stack     at ChildProcess.<anonymous> (/Users/luckyjing/.nvm/versions/node/v6.3.0/lib/node_modules/npm/lib/utils/spawn.js:40:14)
14 verbose stack     at emitTwo (events.js:106:13)
14 verbose stack     at ChildProcess.emit (events.js:191:7)
14 verbose stack     at maybeClose (internal/child_process.js:852:16)
14 verbose stack     at Process.ChildProcess._handle.onexit (internal/child_process.js:215:5)
15 verbose pkgid abc-starter-kit@0.0.1
16 verbose cwd /Users/luckyjing/coding/ali/abc-starter-kit
17 error Darwin 16.0.0
18 error argv "/Users/luckyjing/.nvm/versions/node/v6.3.0/bin/node" "/Users/luckyjing/.nvm/versions/node/v6.3.0/bin/npm" "run" "push"
19 error node v6.3.0
20 error npm  v3.10.3
21 error code ELIFECYCLE
22 error abc-starter-kit@0.0.1 push: ` git add . && git commit -m'update' && git push origin daily/0.0.3`
22 error Exit status 1
23 error Failed at the abc-starter-kit@0.0.1 push script ' git add . && git commit -m'update' && git push origin daily/0.0.3'.
23 error Make sure you have the latest version of node.js and npm installed.
23 error If you do, this is most likely a problem with the abc-starter-kit package,
23 error not with npm itself.
23 error Tell the author that this fails on your system:
23 error      git add . && git commit -m'update' && git push origin daily/0.0.3
23 error You can get information on how to open an issue for this project with:
23 error     npm bugs abc-starter-kit
23 error Or if that isn't available, you can get their info via:
23 error     npm owner ls abc-starter-kit
23 error There is likely additional logging output above.
24 verbose exit [ 1, true ]
